<?xml version="1.0" encoding="UTF-8"?>
<!-- Generated by org.testng.reporters.JUnitReportReporter -->
<testsuite hostname="QUADUKLT4003" name="script.BaseTest" tests="2" failures="1" timestamp="6 Jun 2011 21:23:40 GMT" time="32844" errors="0">
  <testcase name="openAdminPage" time="7500" classname="script.BaseTest"/>
  <testcase name="launchSite" time="25344" classname="script.BaseTest"/>
</testsuite>
